{
  "stats": {
    "suites": 1,
    "tests": 8,
    "passes": 8,
    "pending": 0,
    "failures": 0,
    "start": "2023-07-31T02:58:35.520Z",
    "end": "2023-07-31T03:03:36.252Z",
    "duration": 300732,
    "testsRegistered": 8,
    "passPercent": 100,
    "pendingPercent": 0,
    "other": 0,
    "hasOther": false,
    "skipped": 0,
    "hasSkipped": false
  },
  "results": [
    {
      "uuid": "aec60783-d131-4b96-b59d-9866d706f39e",
      "title": "",
      "fullFile": "cypress\\e2e\\register.cy.js",
      "file": "cypress\\e2e\\register.cy.js",
      "beforeHooks": [],
      "afterHooks": [],
      "tests": [],
      "suites": [
        {
          "uuid": "b5a1c94d-9feb-477b-9743-bc76e4b7e7f1",
          "title": "New Investors Register",
          "fullFile": "",
          "file": "",
          "beforeHooks": [],
          "afterHooks": [],
          "tests": [
            {
              "title": "Users try to create new account without fill all required field",
              "fullTitle": "New Investors Register Users try to create new account without fill all required field",
              "timedOut": null,
              "duration": 25456,
              "state": "passed",
              "speed": "slow",
              "pass": true,
              "fail": false,
              "pending": false,
              "context": "\"videos/register.cy.js.mp4\"",
              "code": "// Langsung klik tombol Next\ncy.get('button').contains('Next').click();\n// Assert\ncy.get('h2').contains('OOPS!').should('be.visible');",
              "err": {},
              "uuid": "e8dfa337-7c8f-4bd4-a24a-60a0211ff642",
              "parentUUID": "b5a1c94d-9feb-477b-9743-bc76e4b7e7f1",
              "isHook": false,
              "skipped": false
            },
            {
              "title": "Users try to create new account with only input some required field",
              "fullTitle": "New Investors Register Users try to create new account with only input some required field",
              "timedOut": null,
              "duration": 25959,
              "state": "passed",
              "speed": "slow",
              "pass": true,
              "fail": false,
              "pending": false,
              "context": "\"videos/register.cy.js.mp4\"",
              "code": "// Input full name\nconst randCharacters = commonFunction.randomChar();\ncy.get('input[id=\"form-id-fullName\"]').type(randCharacters).should('have.value', randCharacters);\n// Input no hp\nconst randPhone = commonFunction.randomNumberPhone();\ncy.get('div[aria-haspopup=\"listbox\"]').click();\ncy.wait(1000);\ncy.get('li[data-country-code=\"id\"]').click();\ncy.wait(1000);\ncy.get('input[name=\"phone\"]').type(randPhone);\n// Langsung klik tombol Next\ncy.get('button').contains('Next').click();\ncy.wait(2000);\n// Assert\ncy.get('h2').contains('OOPS!').should('be.visible');",
              "err": {},
              "uuid": "033dafc2-2855-4fda-8dcf-4b65394b47b6",
              "parentUUID": "b5a1c94d-9feb-477b-9743-bc76e4b7e7f1",
              "isHook": false,
              "skipped": false
            },
            {
              "title": "Users want to create account but with invalid format email",
              "fullTitle": "New Investors Register Users want to create account but with invalid format email",
              "timedOut": null,
              "duration": 49848,
              "state": "passed",
              "speed": "slow",
              "pass": true,
              "fail": false,
              "pending": false,
              "context": "\"videos/register.cy.js.mp4\"",
              "code": "// Input full name\nlet randCharacters = commonFunction.randomChar();\ncy.get('input[id=\"form-id-fullName\"]').type(randCharacters).should('have.value', randCharacters);\n// Input no hp\nconst randPhone = commonFunction.randomNumberPhone();\ncy.get('div[aria-haspopup=\"listbox\"]').click();\ncy.wait(1000);\ncy.get('li[data-country-code=\"id\"]').click();\ncy.wait(1000);\ncy.get('input[name=\"phone\"]').type(randPhone);\n// Input invalid email\nrandCharacters = commonFunction.randomChar();\ncy.get('input[type=\"email\"]').type(randCharacters).should('have.value', randCharacters);\n// Input pass and confirm pass\nconst passTest = 'Abcdefg12345';\ncy.get('input[placeholder=\"Input Password\"]').type(passTest).should('have.value', passTest);\ncy.wait(1000);\ncy.get('input[placeholder=\"Confirm Password\"]').type(passTest).should('have.value', passTest);\n// Klik Next\ncy.get('button').contains('Next').click();\ncy.wait(2000);\n// Input country\nrandCharacters = commonFunction.randomChar();\ncy.get('input[name=\"country\"]').type(randCharacters).should('have.value', randCharacters);\ncy.wait(1000);\n// Input State\nrandCharacters = commonFunction.randomChar();\ncy.get('input[name=\"state\"]').type(randCharacters).should('have.value', randCharacters);\ncy.wait(1000);\n// Input City\nrandCharacters = commonFunction.randomChar();\ncy.get('input[name=\"city\"]').type(randCharacters).should('have.value', randCharacters);\ncy.wait(1000);\n// Input Address\nrandCharacters = commonFunction.randomChar();\ncy.get('input[name=\"address\"]').type(randCharacters).should('have.value', randCharacters);\ncy.wait(1000);\n// Klik Register\ncy.get('button').contains('Register').click();\ncy.wait(2000);\ncy.get('h4').contains('Legal Information Prime Codex LLC').should('be.visible');\n// Input checkbox Aggree\ncy.get('input[type=\"checkbox\"]').eq(1).click();\ncy.get('input[type=\"checkbox\"]').eq(1).should('be.checked');\ncy.wait(1000);\n// Input checkbox Open Account\ncy.get('input[type=\"checkbox\"]').eq(2).click();\ncy.get('input[type=\"checkbox\"]').eq(2).should('be.checked');\ncy.wait(1000);\n// Klik Open Account\ncy.get('button').contains('Open Account').click();\ncy.wait(3500);\n// Assert failed\ncy.get('div').contains('Invalid Email').click();",
              "err": {},
              "uuid": "8be70124-1de5-48e1-a1b7-0b0a5c599ba0",
              "parentUUID": "b5a1c94d-9feb-477b-9743-bc76e4b7e7f1",
              "isHook": false,
              "skipped": false
            },
            {
              "title": "Users want to input password without following password rules",
              "fullTitle": "New Investors Register Users want to input password without following password rules",
              "timedOut": null,
              "duration": 28300,
              "state": "passed",
              "speed": "slow",
              "pass": true,
              "fail": false,
              "pending": false,
              "context": "\"videos/register.cy.js.mp4\"",
              "code": "// Input full name\nlet randCharacters = commonFunction.randomChar();\ncy.get('input[id=\"form-id-fullName\"]').type(randCharacters).should('have.value', randCharacters);\n// Input no hp\nconst randPhone = commonFunction.randomNumberPhone();\ncy.get('div[aria-haspopup=\"listbox\"]').click();\ncy.wait(1000);\ncy.get('li[data-country-code=\"id\"]').click();\ncy.wait(1000);\ncy.get('input[name=\"phone\"]').type(randPhone);\n// Input valid email\nconst randomEmail = commonFunction.randomEmail();\ncy.get('input[type=\"email\"]').type(randomEmail).should('have.value', randomEmail);\n// Input pass and confirm pass\nrandCharacters = commonFunction.randomPass();\ncy.get('input[placeholder=\"Input Password\"]').type(randCharacters).should('have.value', randCharacters);\ncy.wait(1000);\n// Assert error\ncy.get('p').contains('Please make sure password includes Capital, Number, and 8 Character long').should('be.visible');",
              "err": {},
              "uuid": "d557f9ab-3c9b-4c11-9f61-e472b6a8cc43",
              "parentUUID": "b5a1c94d-9feb-477b-9743-bc76e4b7e7f1",
              "isHook": false,
              "skipped": false
            },
            {
              "title": "Users want to create account but password and confirm password is not match",
              "fullTitle": "New Investors Register Users want to create account but password and confirm password is not match",
              "timedOut": null,
              "duration": 26414,
              "state": "passed",
              "speed": "slow",
              "pass": true,
              "fail": false,
              "pending": false,
              "context": "\"videos/register.cy.js.mp4\"",
              "code": "// Input full name\nlet randCharacters = commonFunction.randomChar();\ncy.get('input[id=\"form-id-fullName\"]').type(randCharacters).should('have.value', randCharacters);\n// Input no hp\nconst randPhone = commonFunction.randomNumberPhone();\ncy.get('div[aria-haspopup=\"listbox\"]').click();\ncy.wait(1000);\ncy.get('li[data-country-code=\"id\"]').click();\ncy.wait(1000);\ncy.get('input[name=\"phone\"]').type(randPhone);\n// Input email\nconst randomEmail = commonFunction.randomEmail();\ncy.get('input[type=\"email\"]').type(randomEmail).should('have.value', randomEmail);\n// Input pass and confirm pass\nrandCharacters = commonFunction.randomChar();\ncy.get('input[placeholder=\"Input Password\"]').type(randCharacters).should('have.value', randCharacters);\ncy.wait(1000);\ncy.get('input[placeholder=\"Confirm Password\"]').type('sfdda').should('have.value', 'sfdda');\n// Assert error\ncy.get('p').contains('Password don`t match!').should('be.visible');",
              "err": {},
              "uuid": "8fa73c33-8207-41c0-8175-3a9d84d26b2d",
              "parentUUID": "b5a1c94d-9feb-477b-9743-bc76e4b7e7f1",
              "isHook": false,
              "skipped": false
            },
            {
              "title": "User want to open create primecodex account but without checklist agreement",
              "fullTitle": "New Investors Register User want to open create primecodex account but without checklist agreement",
              "timedOut": null,
              "duration": 45178,
              "state": "passed",
              "speed": "slow",
              "pass": true,
              "fail": false,
              "pending": false,
              "context": "\"videos/register.cy.js.mp4\"",
              "code": "// Input full name\nlet randCharacters = commonFunction.randomChar();\ncy.get('input[id=\"form-id-fullName\"]').type(randCharacters).should('have.value', randCharacters);\n// Input no hp\nconst randPhone = commonFunction.randomNumberPhone();\ncy.get('div[aria-haspopup=\"listbox\"]').click();\ncy.wait(1000);\ncy.get('li[data-country-code=\"id\"]').click();\ncy.wait(1000);\ncy.get('input[name=\"phone\"]').type(randPhone);\n// Input invalid email\nconst randomEmail = commonFunction.randomEmail();\ncy.get('input[type=\"email\"]').type(randomEmail).should('have.value', randomEmail);\n// Input pass and confirm pass\nconst passTest = 'Abcdefg12345';\ncy.get('input[placeholder=\"Input Password\"]').type(passTest).should('have.value', passTest);\ncy.wait(1000);\ncy.get('input[placeholder=\"Confirm Password\"]').type(passTest).should('have.value', passTest);\n// Klik Next\ncy.get('button').contains('Next').click();\ncy.wait(2000);\n// Input country\nrandCharacters = commonFunction.randomChar();\ncy.get('input[name=\"country\"]').type(randCharacters).should('have.value', randCharacters);\ncy.wait(1000);\n// Input State\nrandCharacters = commonFunction.randomChar();\ncy.get('input[name=\"state\"]').type(randCharacters).should('have.value', randCharacters);\ncy.wait(1000);\n// Input City\nrandCharacters = commonFunction.randomChar();\ncy.get('input[name=\"city\"]').type(randCharacters).should('have.value', randCharacters);\ncy.wait(1000);\n// Input Address\nrandCharacters = commonFunction.randomChar();\ncy.get('input[name=\"address\"]').type(randCharacters).should('have.value', randCharacters);\ncy.wait(1000);\n// Klik Register\ncy.get('button').contains('Register').click();\ncy.wait(2000);\ncy.get('h4').contains('Legal Information Prime Codex LLC').should('be.visible');\n// Klik Open Account\ncy.get('button').contains('Open Account').click();\ncy.wait(3500);\n// Assert failed\ncy.get('p').contains('I Agree to Terms and Conditions Set by Prime Codex LLC').should('be.visible');",
              "err": {},
              "uuid": "6e0b98f0-9462-47a5-b7c5-28fd8133d783",
              "parentUUID": "b5a1c94d-9feb-477b-9743-bc76e4b7e7f1",
              "isHook": false,
              "skipped": false
            },
            {
              "title": "User want to open create primecodex account but with already registered email",
              "fullTitle": "New Investors Register User want to open create primecodex account but with already registered email",
              "timedOut": null,
              "duration": 46579,
              "state": "passed",
              "speed": "slow",
              "pass": true,
              "fail": false,
              "pending": false,
              "context": "\"videos/register.cy.js.mp4\"",
              "code": "// Input full name\nlet randCharacters = commonFunction.randomChar();\ncy.get('input[id=\"form-id-fullName\"]').type(randCharacters).should('have.value', randCharacters);\n// Input no hp\nconst randPhone = commonFunction.randomNumberPhone();\ncy.get('div[aria-haspopup=\"listbox\"]').click();\ncy.wait(1000);\ncy.get('li[data-country-code=\"id\"]').click();\ncy.wait(1000);\ncy.get('input[name=\"phone\"]').type(randPhone);\n// Input invalid email\nconst email = Cypress.env('EMAIL_VALID');\ncy.get('input[type=\"email\"]').type(email).should('have.value', email);\n// Input pass and confirm pass\nconst passTest = 'Abcdefg12345';\ncy.get('input[placeholder=\"Input Password\"]').type(passTest).should('have.value', passTest);\ncy.wait(1000);\ncy.get('input[placeholder=\"Confirm Password\"]').type(passTest).should('have.value', passTest);\n// Klik Next\ncy.get('button').contains('Next').click();\ncy.wait(2000);\n// Input country\nrandCharacters = commonFunction.randomChar();\ncy.get('input[name=\"country\"]').type(randCharacters).should('have.value', randCharacters);\ncy.wait(1000);\n// Input State\nrandCharacters = commonFunction.randomChar();\ncy.get('input[name=\"state\"]').type(randCharacters).should('have.value', randCharacters);\ncy.wait(1000);\n// Input City\nrandCharacters = commonFunction.randomChar();\ncy.get('input[name=\"city\"]').type(randCharacters).should('have.value', randCharacters);\ncy.wait(1000);\n// Input Address\nrandCharacters = commonFunction.randomChar();\ncy.get('input[name=\"address\"]').type(randCharacters).should('have.value', randCharacters);\ncy.wait(1000);\n// Klik Register\ncy.get('button').contains('Register').click();\ncy.wait(2000);\ncy.get('h4').contains('Legal Information Prime Codex LLC').should('be.visible');\n// Input checkbox Aggree\ncy.get('input[type=\"checkbox\"]').eq(1).click();\ncy.get('input[type=\"checkbox\"]').eq(1).should('be.checked');\ncy.wait(1000);\n// Input checkbox Open Account\ncy.get('input[type=\"checkbox\"]').eq(2).click();\ncy.get('input[type=\"checkbox\"]').eq(2).should('be.checked');\ncy.wait(1000);\n// Klik Open Account\ncy.get('button').contains('Open Account').click();\ncy.wait(3500);\n// Assert failed\ncy.get('div').contains('Email have been used! Please use another email!').should('be.visible');",
              "err": {},
              "uuid": "39dbb8a7-064e-4c79-8f60-c253651e53e8",
              "parentUUID": "b5a1c94d-9feb-477b-9743-bc76e4b7e7f1",
              "isHook": false,
              "skipped": false
            },
            {
              "title": "User want to open create primecodex account",
              "fullTitle": "New Investors Register User want to open create primecodex account",
              "timedOut": null,
              "duration": 49617,
              "state": "passed",
              "speed": "slow",
              "pass": true,
              "fail": false,
              "pending": false,
              "context": "\"videos/register.cy.js.mp4\"",
              "code": "// Input full name\nlet randCharacters = commonFunction.randomChar();\ncy.get('input[id=\"form-id-fullName\"]').type(randCharacters).should('have.value', randCharacters);\n// Input no hp\nconst randPhone = commonFunction.randomNumberPhone();\ncy.get('div[aria-haspopup=\"listbox\"]').click();\ncy.wait(1000);\ncy.get('li[data-country-code=\"id\"]').click();\ncy.wait(1000);\ncy.get('input[name=\"phone\"]').type(randPhone);\n// Input valid email\nconst randomEmail = commonFunction.randomEmail();\ncy.get('input[type=\"email\"]').type(randomEmail).should('have.value', randomEmail);\n// Input pass and confirm pass\nconst passTest = 'Abcdefg12345';\ncy.get('input[placeholder=\"Input Password\"]').type(passTest).should('have.value', passTest);\ncy.wait(1000);\ncy.get('input[placeholder=\"Confirm Password\"]').type(passTest).should('have.value', passTest);\n// Klik Next\ncy.get('button').contains('Next').click();\ncy.wait(2000);\n// Input country\nrandCharacters = commonFunction.randomChar();\ncy.get('input[name=\"country\"]').type(randCharacters).should('have.value', randCharacters);\ncy.wait(1000);\n// Input State\nrandCharacters = commonFunction.randomChar();\ncy.get('input[name=\"state\"]').type(randCharacters).should('have.value', randCharacters);\ncy.wait(1000);\n// Input City\nrandCharacters = commonFunction.randomChar();\ncy.get('input[name=\"city\"]').type(randCharacters).should('have.value', randCharacters);\ncy.wait(1000);\n// Input Address\nrandCharacters = commonFunction.randomChar();\ncy.get('input[name=\"address\"]').type(randCharacters).should('have.value', randCharacters);\ncy.wait(1000);\n// Klik Register\ncy.get('button').contains('Register').click();\ncy.wait(2000);\ncy.get('h4').contains('Legal Information Prime Codex LLC').should('be.visible');\n// Input checkbox Aggree\ncy.get('input[type=\"checkbox\"]').eq(1).click();\ncy.get('input[type=\"checkbox\"]').eq(1).should('be.checked');\ncy.wait(1000);\n// Input checkbox Open Account\ncy.get('input[type=\"checkbox\"]').eq(2).click();\ncy.get('input[type=\"checkbox\"]').eq(2).should('be.checked');\ncy.wait(1000);\n// Klik Open Account\ncy.get('button').contains('Open Account').click();\ncy.wait(3500);\n// Assert failed\ncy.get('h2').contains('Congratulations!').should('be.visible');",
              "err": {},
              "uuid": "eb9de31a-06e4-43a3-b5f5-a29b240ba7ed",
              "parentUUID": "b5a1c94d-9feb-477b-9743-bc76e4b7e7f1",
              "isHook": false,
              "skipped": false
            }
          ],
          "suites": [],
          "passes": [
            "e8dfa337-7c8f-4bd4-a24a-60a0211ff642",
            "033dafc2-2855-4fda-8dcf-4b65394b47b6",
            "8be70124-1de5-48e1-a1b7-0b0a5c599ba0",
            "d557f9ab-3c9b-4c11-9f61-e472b6a8cc43",
            "8fa73c33-8207-41c0-8175-3a9d84d26b2d",
            "6e0b98f0-9462-47a5-b7c5-28fd8133d783",
            "39dbb8a7-064e-4c79-8f60-c253651e53e8",
            "eb9de31a-06e4-43a3-b5f5-a29b240ba7ed"
          ],
          "failures": [],
          "pending": [],
          "skipped": [],
          "duration": 297351,
          "root": false,
          "rootEmpty": false,
          "_timeout": 2000
        }
      ],
      "passes": [],
      "failures": [],
      "pending": [],
      "skipped": [],
      "duration": 0,
      "root": true,
      "rootEmpty": true,
      "_timeout": 2000
    }
  ],
  "meta": {
    "mocha": {
      "version": "7.0.1"
    },
    "mochawesome": {
      "options": {
        "quiet": false,
        "reportFilename": "mochawesome",
        "saveHtml": false,
        "saveJson": true,
        "consoleReporter": "spec",
        "useInlineDiffs": false,
        "code": true
      },
      "version": "7.1.3"
    },
    "marge": {
      "options": {
        "id": "default",
        "reportDir": "cypress/results/json",
        "overwrite": false,
        "html": false,
        "json": true,
        "timestamp": "longDate",
        "charts": true
      },
      "version": "6.2.0"
    }
  }
}