{
  "stats": {
    "suites": 4,
    "tests": 9,
    "passes": 8,
    "pending": 3,
    "failures": -2,
    "start": "2023-07-31T02:50:08.741Z",
    "end": "2023-07-31T02:56:00.900Z",
    "duration": 352159,
    "testsRegistered": 11,
    "passPercent": 100,
    "pendingPercent": 27.27272727272727,
    "other": 2,
    "hasOther": true,
    "skipped": 0,
    "hasSkipped": false
  },
  "results": [
    {
      "uuid": "0c8bd321-4d19-48d2-a1e6-8449507b4669",
      "title": "",
      "fullFile": "cypress\\e2e\\deposit.cy.js",
      "file": "cypress\\e2e\\deposit.cy.js",
      "beforeHooks": [],
      "afterHooks": [],
      "tests": [],
      "suites": [
        {
          "uuid": "98ef6251-692e-4441-83ac-5bddbb07a42c",
          "title": "Deposit Balance",
          "fullFile": "",
          "file": "",
          "beforeHooks": [],
          "afterHooks": [],
          "tests": [],
          "suites": [
            {
              "uuid": "71163bad-083c-4d99-89e5-75159efdb8c3",
              "title": "Deposit Via Bank & VA",
              "fullFile": "",
              "file": "",
              "beforeHooks": [],
              "afterHooks": [],
              "tests": [
                {
                  "title": "Users want to deposit to their account without input all field or some field",
                  "fullTitle": "Deposit Balance Deposit Via Bank & VA Users want to deposit to their account without input all field or some field",
                  "timedOut": null,
                  "duration": 0,
                  "state": "pending",
                  "speed": null,
                  "pass": false,
                  "fail": false,
                  "pending": true,
                  "context": "\"videos/deposit.cy.js.mp4\"",
                  "code": "// Login\nloginFunction.loginCorrect(email, pass);\n// Buka deposit menu dari sidebar\ncy.get('a[href=\"/deposit\"] > div > div > h4').contains('Deposit').click();\ncy.wait(3000);\ncy.get('h1').contains('Deposit').should('be.visible');\ncy.get('h3').contains('Select Account').should('be.visible');\n// Klik proceed deposit\ncy.get('button').contains('Request Deposit').click();\ncy.wait(2000);\n// Assert pop up error\ncy.get('h2').contains('Incomplete Data!').should('be.visible');\ncy.get('button').contains('Oke').click();\ncy.wait(1000);",
                  "err": {},
                  "uuid": "d09090e3-a6ce-40d2-97a1-564a4a6312bf",
                  "parentUUID": "71163bad-083c-4d99-89e5-75159efdb8c3",
                  "isHook": false,
                  "skipped": false
                },
                {
                  "title": "Users want to request deposit to their account with transfer method but want to cancel it before transfer it",
                  "fullTitle": "Deposit Balance Deposit Via Bank & VA Users want to request deposit to their account with transfer method but want to cancel it before transfer it",
                  "timedOut": null,
                  "duration": 0,
                  "state": "pending",
                  "speed": null,
                  "pass": false,
                  "fail": false,
                  "pending": true,
                  "context": "\"videos/deposit.cy.js.mp4\"",
                  "code": "// Login\nloginFunction.loginCorrect(email, pass);\n// Buka deposit menu dari sidebar\ncy.get('a[href=\"/deposit\"] > div > div > h4').contains('Deposit').click();\ncy.wait(3000);\ncy.get('h1').contains('Deposit').should('be.visible');\ncy.get('h3').contains('Select Account').should('be.visible');\n// Input akun yang ingin di deposit\ncy.wait(2000);\ncy.get('select[name=\"select-account\"] > option').then($el => {\n  commonFunction.randomDropdownValue('select[name=\"select-account\"]', $el);\n});\ncy.wait(2000);\n// Input amount (input $1 saja)\ncy.get('input[name=\"amount\"]').type(1).should('have.value', 1);\ncy.wait(2000);\n// Input nama akun bank\nconst randCharacters = commonFunction.randomChar();\ncy.get('input[name=\"akun-pemilik\"]').type(randCharacters).should('have.value', randCharacters);\ncy.wait(1000);\n// Input nomor akun bank\nconst randNumber = commonFunction.randomNumberID();\ncy.get('input[name=\"nomor-akun\"]').type(randNumber).should('have.value', randNumber);\ncy.wait(1000);\n// Input nama bank\ncy.get('div[class=\"menu hidden\"]').find('div').then($el2 => {\n  // Pilih dropdown dan ambil number index item yang dipilih\n  commonFunction.randomDropdownValueDivPOA($el2);\n});\n// Input checkbox\ncy.get('input[type=\"checkbox\"]').click();\ncy.get('input[type=\"checkbox\"]').should('be.checked');\ncy.wait(1000);\n// Klik proceed deposit\ncy.get('button').contains('Request Deposit').click();\ncy.wait(2000);\ncy.get('h2').contains('Are You Confident With Your Data?').should('be.visible');\n// Klik yes\ncy.get('button').contains('Yes').click();\ncy.wait(5000);\ncy.get('div').contains('To complete your payment').should('be.visible');\ncy.get('button').contains('Transfer Manual').click();\ncy.wait(5000);\ncy.url().should('include', '/verify-time');\n// Buka account dashboard\ncy.get('a[href=\"/dashboard\"]').contains('Account').click();\ncy.wait(5000);\n// Check status verified identity dan klik cancel\ncy.get('h1').contains('History Payment').scrollIntoView();\ncy.get(5000);\ncy.get('thead').then($el => {\n  const rowTd = $el.length;\n  if (rowTd == 0) {\n    cy.reload();\n    cy.wait(10000);\n  }\n});\ncy.get('table > tr').eq(0).find('td > button').contains('Cancel').click();\ncy.wait(1000);\ncy.get('h2').contains('Do you want to cancel the deposit?').should('be.visible');\ncy.get('button').contains('OK').click();\ncy.wait(4000);\ncy.get('h2').contains('Success').should('be.visible');\ncy.get('button').contains('OK').click();\ncy.wait(4000);\ncy.get('table > tr').eq(0).find('td').contains('CANCELED').should('be.visible');",
                  "err": {},
                  "uuid": "f0e6bb38-caec-45ae-a1ea-f436c26fb37c",
                  "parentUUID": "71163bad-083c-4d99-89e5-75159efdb8c3",
                  "isHook": false,
                  "skipped": false
                },
                {
                  "title": "Users want to request deposit to their account with transfer method",
                  "fullTitle": "Deposit Balance Deposit Via Bank & VA Users want to request deposit to their account with transfer method",
                  "timedOut": null,
                  "duration": 0,
                  "state": "pending",
                  "speed": null,
                  "pass": false,
                  "fail": false,
                  "pending": true,
                  "context": "\"videos/deposit.cy.js.mp4\"",
                  "code": "// Login\nloginFunction.loginCorrect(email, pass);\n// Buka deposit menu dari sidebar\ncy.get('a[href=\"/deposit\"] > div > div > h4').contains('Deposit').click();\ncy.wait(3000);\ncy.get('h1').contains('Deposit').should('be.visible');\n// Input akun yang ingin di deposit\ncy.wait(2000);\ncy.get('select[name=\"select-account\"] > option').then($el => {\n  commonFunction.randomDropdownValue('select[name=\"select-account\"]', $el);\n});\ncy.wait(2000);\n// Input amount (input $1 saja)\ncy.get('input[name=\"amount\"]').type(1).should('have.value', 1);\ncy.wait(2000);\n// Input nama akun bank\nconst randCharacters = commonFunction.randomChar();\ncy.get('input[name=\"akun-pemilik\"]').type(randCharacters).should('have.value', randCharacters);\ncy.wait(1000);\n// Input nomor akun bank\nconst randNumber = commonFunction.randomNumberID();\ncy.get('input[name=\"nomor-akun\"]').type(randNumber).should('have.value', randNumber);\ncy.wait(1000);\n// Input nama bank\ncy.get('div[class=\"menu hidden\"]').find('div').then($el2 => {\n  // Pilih dropdown dan ambil number index item yang dipilih\n  commonFunction.randomDropdownValueDivPOA($el2);\n});\n// Input checkbox\ncy.get('input[type=\"checkbox\"]').click();\ncy.get('input[type=\"checkbox\"]').should('be.checked');\ncy.wait(1000);\n// Klik proceed deposit\ncy.get('button').contains('Request Deposit').click();\ncy.wait(2000);\ncy.get('h2').contains('Are You Confident With Your Data?').should('be.visible');\n// Klik yes\ncy.get('button').contains('Yes').click();\ncy.wait(5000);\ncy.get('div').contains('To complete your payment').should('be.visible');\ncy.get('button').contains('Transfer Manual').click();\ncy.wait(5000);\ncy.url().should('include', '/verify-time');\n// Input field file dengan value yang sesuai\ncy.get('input[type=\"file\"]').eq(1).selectFile('cypress/fixtures/PicExample.png');\ncy.wait(2000);\n// Klik Send Proof\ncy.get('button').contains('Send Proof').click();\ncy.wait(2000);\ncy.get('h2').contains('Deposit Verification').should('be.visible');\n// Klik Yes\ncy.get('button').contains('Yes').click();\ncy.wait(3000);\ncy.get('h2').contains('Success').should('be.visible');\n// Cek approval admin\napprovalAdminFunction.approvalDeposit();\n// Buka primecodex staging kembali dan login\ncy.visit(Cypress.env('STAGING_URL'));\ncy.wait(3000);\nloginFunction.loginCorrect(email, pass);\n// Check status deposit\ncy.get('h1').contains('History Payment').scrollIntoView();\ncy.get(5000);\ncy.get('thead').then($el => {\n  const rowTd = $el.length;\n  if (rowTd == 0) {\n    cy.reload();\n    cy.wait(10000);\n  }\n});\ncy.get('table > tr').eq(0).find('td').contains('SUCCESS').should('be.visible');",
                  "err": {},
                  "uuid": "faad6e00-95c7-4873-b51c-72302ecce829",
                  "parentUUID": "71163bad-083c-4d99-89e5-75159efdb8c3",
                  "isHook": false,
                  "skipped": false
                }
              ],
              "suites": [],
              "passes": [],
              "failures": [],
              "pending": [
                "d09090e3-a6ce-40d2-97a1-564a4a6312bf",
                "f0e6bb38-caec-45ae-a1ea-f436c26fb37c",
                "faad6e00-95c7-4873-b51c-72302ecce829"
              ],
              "skipped": [],
              "duration": 0,
              "root": false,
              "rootEmpty": false,
              "_timeout": 2000
            },
            {
              "uuid": "166ed5ad-a337-413b-b5c5-499446871e4a",
              "title": "Deposit Via Crypto",
              "fullFile": "",
              "file": "",
              "beforeHooks": [],
              "afterHooks": [],
              "tests": [
                {
                  "title": "User want to request deposit to their account with crypto payment method without fill all field",
                  "fullTitle": "Deposit Balance Deposit Via Crypto User want to request deposit to their account with crypto payment method without fill all field",
                  "timedOut": null,
                  "duration": 34805,
                  "state": "passed",
                  "speed": "slow",
                  "pass": true,
                  "fail": false,
                  "pending": false,
                  "context": "\"videos/deposit.cy.js.mp4\"",
                  "code": "// Login\nloginFunction.loginCorrect(email, pass);\n// Buka deposit menu dari sidebar\ncy.get('a[href=\"/deposit\"] > div > div > h4').contains('Deposit').click();\ncy.wait(3000);\ncy.get('h1').contains('Deposit').should('be.visible');\n// Klik crypto metode payment\ncy.get('a[href=\"/deposit-crypto\"]').click({\n  force: true\n});\ncy.wait(5000);\ncy.get('h3').contains('Select Account').should('be.visible');\n// Klik request deposit\ncy.get('button').contains('Request Deposit').click();\ncy.wait(2000);\n// Assert pop up error\ncy.get('h2').contains('Incomplete Data!').should('be.visible');\ncy.get('button').contains('Oke').click();\ncy.wait(1000);",
                  "err": {},
                  "uuid": "9b0a98bd-ecdd-4637-93bf-735305f93307",
                  "parentUUID": "166ed5ad-a337-413b-b5c5-499446871e4a",
                  "isHook": false,
                  "skipped": false
                },
                {
                  "title": "User want to request deposit to their account with crypto payment method with minus amount",
                  "fullTitle": "Deposit Balance Deposit Via Crypto User want to request deposit to their account with crypto payment method with minus amount",
                  "timedOut": null,
                  "duration": 29955,
                  "state": "passed",
                  "speed": "slow",
                  "pass": true,
                  "fail": false,
                  "pending": false,
                  "context": "\"videos/deposit.cy.js.mp4\"",
                  "code": "// Login\nloginFunction.loginCorrect(email, pass);\n// Buka deposit menu dari sidebar\ncy.get('a[href=\"/deposit\"] > div > div > h4').contains('Deposit').click();\ncy.wait(3000);\ncy.get('h1').contains('Deposit').should('be.visible');\n// Klik crypto metode payment\ncy.get('a[href=\"/deposit-crypto\"]').click({\n  force: true\n});\ncy.wait(5000);\ncy.get('h3').contains('Select Account').should('be.visible');\n// Input amount\ncy.get('input[name=\"amount\"]').type(-1).should('not.have.value', -1);\ncy.wait(2000);",
                  "err": {},
                  "uuid": "24b8cbaf-9e49-4b87-8dba-1dbfc5aedba1",
                  "parentUUID": "166ed5ad-a337-413b-b5c5-499446871e4a",
                  "isHook": false,
                  "skipped": false
                },
                {
                  "title": "User want to request deposit to their account with crypto payment but want to cancel it",
                  "fullTitle": "Deposit Balance Deposit Via Crypto User want to request deposit to their account with crypto payment but want to cancel it",
                  "timedOut": null,
                  "duration": 63182,
                  "state": "passed",
                  "speed": "slow",
                  "pass": true,
                  "fail": false,
                  "pending": false,
                  "context": "\"videos/deposit.cy.js.mp4\"",
                  "code": "// Login\nloginFunction.loginCorrect(email, pass);\n// Buka deposit menu dari sidebar\ncy.get('a[href=\"/deposit\"] > div > div > h4').contains('Deposit').click();\ncy.wait(3000);\ncy.get('h1').contains('Deposit').should('be.visible');\n// Klik crypto metode payment\ncy.get('a[href=\"/deposit-crypto\"]').click({\n  force: true\n});\ncy.wait(5000);\ncy.get('h3').contains('Select Account').should('be.visible');\n// Input akun yang ingin di deposit\ncy.wait(2000);\ncy.get('select[name=\"select-account\"] > option').then($el => {\n  commonFunction.randomDropdownValue('select[name=\"select-account\"]', $el);\n});\ncy.wait(2000);\n// Input amount (input $1 saja)\ncy.get('input[name=\"amount\"]').type(1).should('have.value', 1);\ncy.wait(2000);\n// Input crypto address\nconst randCharacters = commonFunction.randomChar();\ncy.get('input[name=\"nomor-akun\"]').type(randCharacters).should('have.value', randCharacters);\n// Input server network\ncy.get('label').contains('Network').parent().find('select > option').then($el => {\n  // Logika untuk random value dropdown\n  let randNumber = Math.floor(Math.random() * $el.length);\n  if (randNumber == 0) {\n    randNumber = randNumber + 1;\n  }\n  // Pilih items dropdown\n  const valueDrop = $el[randNumber].text;\n  cy.get('select').eq(1).select(valueDrop);\n  cy.wait(1000);\n});\n// Input checkbox\ncy.get('input[type=\"checkbox\"]').click();\ncy.get('input[type=\"checkbox\"]').should('be.checked');\ncy.wait(1000);\n// Klik proceed deposit\ncy.get('button').contains('Request Deposit').click();\ncy.wait(2000);\ncy.get('h2').contains('Are You Confident With Your Data?').should('be.visible');\n// Klik yes\ncy.get('button').contains('Yes').click();\ncy.wait(5000);\ncy.url().should('include', '/verify-time');\n// Buka account dashboard\ncy.get('a[href=\"/dashboard\"]').contains('Account').click();\ncy.wait(5000);\n// Check status verified identity dan klik cancel\ncy.get('h1').contains('History Payment').scrollIntoView();\ncy.get(5000);\ncy.get('thead').then($el => {\n  const rowTd = $el.length;\n  if (rowTd == 0) {\n    cy.reload();\n    cy.wait(10000);\n  }\n});\ncy.get('table > tr').eq(0).find('td > button').contains('Cancel').click();\ncy.wait(1000);\ncy.get('h2').contains('Do you want to cancel the deposit?').should('be.visible');\ncy.get('button').contains('OK').click();\ncy.wait(4000);\ncy.get('h2').contains('Success').should('be.visible');\ncy.get('button').contains('OK').click();\ncy.wait(4000);\ncy.get('table > tr').eq(0).find('td').contains('CANCELED').should('be.visible');",
                  "err": {},
                  "uuid": "942487f0-dc14-47e1-8ae9-61c5f588ba92",
                  "parentUUID": "166ed5ad-a337-413b-b5c5-499446871e4a",
                  "isHook": false,
                  "skipped": false
                },
                {
                  "title": "User want to request deposit to their account with crypto payment",
                  "fullTitle": "Deposit Balance Deposit Via Crypto User want to request deposit to their account with crypto payment",
                  "timedOut": null,
                  "duration": 51005,
                  "state": "passed",
                  "speed": "slow",
                  "pass": true,
                  "fail": false,
                  "pending": false,
                  "context": "\"videos/deposit.cy.js.mp4\"",
                  "code": "// Login\nloginFunction.loginCorrect(email, pass);\n// Buka deposit menu dari sidebar\ncy.get('a[href=\"/deposit\"] > div > div > h4').contains('Deposit').click();\ncy.wait(3000);\ncy.get('h1').contains('Deposit').should('be.visible');\n// Klik crypto metode payment\ncy.get('a[href=\"/deposit-crypto\"]').click({\n  force: true\n});\ncy.wait(5000);\ncy.get('h3').contains('Select Account').should('be.visible');\n// Input akun yang ingin di deposit\ncy.wait(2000);\ncy.get('select[name=\"select-account\"] > option').then($el => {\n  commonFunction.randomDropdownValue('select[name=\"select-account\"]', $el);\n});\ncy.wait(2000);\n// Input amount (input $1 saja)\ncy.get('input[name=\"amount\"]').type(1).should('have.value', 1);\ncy.wait(2000);\n// Input crypto address\nconst randCharacters = commonFunction.randomChar();\ncy.get('input[name=\"nomor-akun\"]').type(randCharacters).should('have.value', randCharacters);\n// Input server network\ncy.get('label').contains('Network').parent().find('select > option').then($el => {\n  // Logika untuk random value dropdown\n  let randNumber = Math.floor(Math.random() * $el.length);\n  if (randNumber == 0) {\n    randNumber = randNumber + 1;\n  }\n  // Pilih items dropdown\n  const valueDrop = $el[randNumber].text;\n  cy.get('select').eq(1).select(valueDrop);\n  cy.wait(1000);\n});\n// Input checkbox\ncy.get('input[type=\"checkbox\"]').click();\ncy.get('input[type=\"checkbox\"]').should('be.checked');\ncy.wait(1000);\n// Klik proceed deposit\ncy.get('button').contains('Request Deposit').click();\ncy.wait(2000);\ncy.get('h2').contains('Are You Confident With Your Data?').should('be.visible');\n// Klik yes\ncy.get('button').contains('Yes').click();\ncy.wait(5000);\ncy.url().should('include', '/verify-time');\n// Input field file dengan value yang sesuai\ncy.get('input[type=\"file\"]').eq(1).selectFile('cypress/fixtures/PicExample.png');\ncy.wait(2000);\n// Klik Send Proof\ncy.get('button').contains('Send Proof').click();\ncy.wait(2000);\ncy.get('h2').contains('Deposit Verification').should('be.visible');\n// Klik Yes\ncy.get('button').contains('Yes').click();\ncy.wait(3000);\ncy.get('h2').contains('Success').should('be.visible');\n// =========================\n//  NO APPROVAL ADMIN FIRST\n// =========================",
                  "err": {},
                  "uuid": "030061c1-9ab5-415f-96d7-aa747c1ffa55",
                  "parentUUID": "166ed5ad-a337-413b-b5c5-499446871e4a",
                  "isHook": false,
                  "skipped": false
                }
              ],
              "suites": [],
              "passes": [
                "9b0a98bd-ecdd-4637-93bf-735305f93307",
                "24b8cbaf-9e49-4b87-8dba-1dbfc5aedba1",
                "942487f0-dc14-47e1-8ae9-61c5f588ba92",
                "030061c1-9ab5-415f-96d7-aa747c1ffa55"
              ],
              "failures": [],
              "pending": [],
              "skipped": [],
              "duration": 178947,
              "root": false,
              "rootEmpty": false,
              "_timeout": 2000
            },
            {
              "uuid": "41b1bada-be96-4f47-91bb-7b59da03fe87",
              "title": "Deposit Via Credit Card",
              "fullFile": "",
              "file": "",
              "beforeHooks": [],
              "afterHooks": [],
              "tests": [
                {
                  "title": "User want to request deposit to their account with credit card payment method without fill all field",
                  "fullTitle": "Deposit Balance Deposit Via Credit Card User want to request deposit to their account with credit card payment method without fill all field",
                  "timedOut": null,
                  "duration": 27819,
                  "state": "passed",
                  "speed": "slow",
                  "pass": true,
                  "fail": false,
                  "pending": false,
                  "context": "\"videos/deposit.cy.js.mp4\"",
                  "code": "// Login\nloginFunction.loginCorrect(email, pass);\n// Buka deposit menu dari sidebar\ncy.get('a[href=\"/deposit\"] > div > div > h4').contains('Deposit').click();\ncy.wait(3000);\ncy.get('h1').contains('Deposit').should('be.visible');\n// Klik credit card metode payment\ncy.get('a[href=\"/deposit-credit-card\"]').click();\ncy.wait(5000);\ncy.get('h3').contains('Select Account').should('be.visible');\n// Klik request deposit\ncy.get('button').contains('Request Deposit').click();\ncy.wait(2000);\n// Assert pop up error\ncy.get('h2').contains('Incomplete Data!').should('be.visible');\ncy.get('button').contains('Oke').click();\ncy.wait(1000);",
                  "err": {},
                  "uuid": "6c02d66f-0d22-4429-a980-71323d56482c",
                  "parentUUID": "41b1bada-be96-4f47-91bb-7b59da03fe87",
                  "isHook": false,
                  "skipped": false
                },
                {
                  "title": "User want to request deposit to their account with credit card payment method with minus amount",
                  "fullTitle": "Deposit Balance Deposit Via Credit Card User want to request deposit to their account with credit card payment method with minus amount",
                  "timedOut": null,
                  "duration": 26312,
                  "state": "passed",
                  "speed": "slow",
                  "pass": true,
                  "fail": false,
                  "pending": false,
                  "context": "\"videos/deposit.cy.js.mp4\"",
                  "code": "// Login\nloginFunction.loginCorrect(email, pass);\n// Buka deposit menu dari sidebar\ncy.get('a[href=\"/deposit\"] > div > div > h4').contains('Deposit').click();\ncy.wait(3000);\ncy.get('h1').contains('Deposit').should('be.visible');\n// Klik credit card metode payment\ncy.get('a[href=\"/deposit-credit-card\"]').click();\ncy.wait(5000);\ncy.get('h3').contains('Select Account').should('be.visible');\n// Input amount\ncy.get('input[name=\"amount\"]').type(-1).should('not.have.value', -1);\ncy.wait(2000);",
                  "err": {},
                  "uuid": "c45db593-6c11-4a0e-8d9d-7e0523d96b6a",
                  "parentUUID": "41b1bada-be96-4f47-91bb-7b59da03fe87",
                  "isHook": false,
                  "skipped": false
                },
                {
                  "title": "User want to request deposit to their account with credit card payment but want to cancel it",
                  "fullTitle": "Deposit Balance Deposit Via Credit Card User want to request deposit to their account with credit card payment but want to cancel it",
                  "timedOut": null,
                  "duration": 66660,
                  "state": "passed",
                  "speed": "slow",
                  "pass": true,
                  "fail": false,
                  "pending": false,
                  "context": "\"videos/deposit.cy.js.mp4\"",
                  "code": "// Login\nloginFunction.loginCorrect(email, pass);\n// Buka deposit menu dari sidebar\ncy.get('a[href=\"/deposit\"] > div > div > h4').contains('Deposit').click();\ncy.wait(3000);\ncy.get('h1').contains('Deposit').should('be.visible');\n// Klik credit card metode payment\ncy.get('a[href=\"/deposit-credit-card\"]').click();\ncy.wait(5000);\ncy.get('h3').contains('Select Account').should('be.visible');\n// Input akun yang ingin di deposit\ncy.wait(2000);\ncy.get('select[name=\"select-account\"] > option').then($el => {\n  commonFunction.randomDropdownValue('select[name=\"select-account\"]', $el);\n});\ncy.wait(2000);\n// Input amount (input $1 saja)\ncy.get('input[name=\"amount\"]').type(1).should('have.value', 1);\ncy.wait(2000);\n// Input crypto address\nconst randCharacters = commonFunction.randomChar();\ncy.get('input[name=\"akun-pemilik\"]').type(randCharacters).should('have.value', randCharacters);\n// Input checkbox\ncy.get('input[type=\"checkbox\"]').click();\ncy.get('input[type=\"checkbox\"]').should('be.checked');\ncy.wait(1000);\n// Klik request deposit\ncy.get('button').contains('Request Deposit').click();\ncy.wait(2000);\ncy.get('h2').contains('Are You Confident With Your Data?').should('be.visible');\n// Klik yes\ncy.get('button').contains('Yes').click();\ncy.wait(5000);\ncy.get('h2').contains('Attention!').should('be.visible');\n// Agar tidak membuka tab baru\ncy.window().then(win => {\n  cy.stub(win, 'open').as('windowOpen');\n});\n// Klik Payment Gateway\ncy.get('button').contains('Payment Gateway').click();\ncy.wait(5000);\n// Check status verified identity dan klik cancel\ncy.get('h1').contains('History Payment').scrollIntoView();\ncy.get(5000);\ncy.get('thead').then($el => {\n  const rowTd = $el.length;\n  if (rowTd == 0) {\n    cy.reload();\n    cy.wait(10000);\n  }\n});\ncy.get('table > tr').eq(0).find('td > button').contains('Cancel').click();\ncy.wait(1000);\ncy.get('h2').contains('Do you want to cancel the deposit?').should('be.visible');\ncy.get('button').contains('OK').click();\ncy.wait(4000);\ncy.get('h2').contains('Success').should('be.visible');\ncy.get('button').contains('OK').click();\ncy.wait(10000);\ncy.get('table > tr').eq(0).find('td').contains('CANCELED').should('be.visible');",
                  "err": {},
                  "uuid": "d04d82d4-93e0-4b8b-96c9-ca3a8027dbfa",
                  "parentUUID": "41b1bada-be96-4f47-91bb-7b59da03fe87",
                  "isHook": false,
                  "skipped": false
                },
                {
                  "title": "Users want to request deposit to their account with credit card",
                  "fullTitle": "Deposit Balance Deposit Via Credit Card Users want to request deposit to their account with credit card",
                  "timedOut": null,
                  "duration": 48504,
                  "state": "passed",
                  "speed": "slow",
                  "pass": true,
                  "fail": false,
                  "pending": false,
                  "context": "\"videos/deposit.cy.js.mp4\"",
                  "code": "// Login\nloginFunction.loginCorrect(email, pass);\n// Buka deposit menu dari sidebar\ncy.get('a[href=\"/deposit\"] > div > div > h4').contains('Deposit').click();\ncy.wait(3000);\ncy.get('h1').contains('Deposit').should('be.visible');\n// Klik credit card metode payment\ncy.get('a[href=\"/deposit-credit-card\"]').click();\ncy.wait(5000);\ncy.get('h3').contains('Select Account').should('be.visible');\n// Input akun yang ingin di deposit\ncy.wait(2000);\ncy.get('select[name=\"select-account\"] > option').then($el => {\n  commonFunction.randomDropdownValue('select[name=\"select-account\"]', $el);\n});\ncy.wait(2000);\n// Input amount (input $1 saja)\ncy.get('input[name=\"amount\"]').type(1).should('have.value', 1);\ncy.wait(2000);\n// Input crypto address\nconst randCharacters = commonFunction.randomChar();\ncy.get('input[name=\"akun-pemilik\"]').type(randCharacters).should('have.value', randCharacters);\n// Input checkbox\ncy.get('input[type=\"checkbox\"]').click();\ncy.get('input[type=\"checkbox\"]').should('be.checked');\ncy.wait(1000);\n// Klik request deposit\ncy.get('button').contains('Request Deposit').click();\ncy.wait(2000);\ncy.get('h2').contains('Are You Confident With Your Data?').should('be.visible');\n// Klik yes\ncy.get('button').contains('Yes').click();\ncy.wait(5000);\ncy.get('h2').contains('Attention!').should('be.visible');\ncy.window().then(win => {\n  cy.stub(win, 'open').as('openStub');\n});\n// Klik Payment Gateway\ncy.get('button').contains('Payment Gateway').click();\ncy.wait(5000);\n// ========================\n// NO ADMIN APPROVAL FIRST\n// =======================",
                  "err": {},
                  "uuid": "07aa76d1-092f-4733-8f30-3df9696ef89e",
                  "parentUUID": "41b1bada-be96-4f47-91bb-7b59da03fe87",
                  "isHook": false,
                  "skipped": false
                }
              ],
              "suites": [],
              "passes": [
                "6c02d66f-0d22-4429-a980-71323d56482c",
                "c45db593-6c11-4a0e-8d9d-7e0523d96b6a",
                "d04d82d4-93e0-4b8b-96c9-ca3a8027dbfa",
                "07aa76d1-092f-4733-8f30-3df9696ef89e"
              ],
              "failures": [],
              "pending": [],
              "skipped": [],
              "duration": 169295,
              "root": false,
              "rootEmpty": false,
              "_timeout": 2000
            }
          ],
          "passes": [],
          "failures": [],
          "pending": [],
          "skipped": [],
          "duration": 0,
          "root": false,
          "rootEmpty": false,
          "_timeout": 2000
        }
      ],
      "passes": [],
      "failures": [],
      "pending": [],
      "skipped": [],
      "duration": 0,
      "root": true,
      "rootEmpty": true,
      "_timeout": 2000
    }
  ],
  "meta": {
    "mocha": {
      "version": "7.0.1"
    },
    "mochawesome": {
      "options": {
        "quiet": false,
        "reportFilename": "mochawesome",
        "saveHtml": false,
        "saveJson": true,
        "consoleReporter": "spec",
        "useInlineDiffs": false,
        "code": true
      },
      "version": "7.1.3"
    },
    "marge": {
      "options": {
        "id": "default",
        "reportDir": "cypress/results/json",
        "overwrite": false,
        "html": false,
        "json": true,
        "timestamp": "longDate",
        "charts": true
      },
      "version": "6.2.0"
    }
  }
}