{
  "stats": {
    "suites": 1,
    "tests": 6,
    "passes": 6,
    "pending": 0,
    "failures": 0,
    "start": "2023-07-31T02:57:13.920Z",
    "end": "2023-07-31T02:58:18.855Z",
    "duration": 64935,
    "testsRegistered": 6,
    "passPercent": 100,
    "pendingPercent": 0,
    "other": 0,
    "hasOther": false,
    "skipped": 0,
    "hasSkipped": false
  },
  "results": [
    {
      "uuid": "56d5c7df-68dc-449d-8d05-bfe61ab96b86",
      "title": "",
      "fullFile": "cypress\\e2e\\login.cy.js",
      "file": "cypress\\e2e\\login.cy.js",
      "beforeHooks": [],
      "afterHooks": [],
      "tests": [],
      "suites": [
        {
          "uuid": "3b6a5135-b8b8-4cf8-8ee7-5bdadd5d8af8",
          "title": "New Investors Login",
          "fullFile": "",
          "file": "",
          "beforeHooks": [],
          "afterHooks": [],
          "tests": [
            {
              "title": "Users at login page and want to login but not input all field",
              "fullTitle": "New Investors Login Users at login page and want to login but not input all field",
              "timedOut": null,
              "duration": 19403,
              "state": "passed",
              "speed": "slow",
              "pass": true,
              "fail": false,
              "pending": false,
              "context": "\"videos/login.cy.js.mp4\"",
              "code": "// Klik login langsung\ncy.get('button[data-cy=\"submit\"]').click();\ncy.wait(10000);\n// Assert kalau tidak bisa dan tetap berada dihalaman login\ncy.get('h1').contains('Login Account').should('be.visible');",
              "err": {},
              "uuid": "dbeeee40-66bd-47f4-8df0-392c128424d3",
              "parentUUID": "3b6a5135-b8b8-4cf8-8ee7-5bdadd5d8af8",
              "isHook": false,
              "skipped": false
            },
            {
              "title": "Users at login page and want to login but only input email field",
              "fullTitle": "New Investors Login Users at login page and want to login but only input email field",
              "timedOut": null,
              "duration": 8993,
              "state": "passed",
              "speed": "medium",
              "pass": true,
              "fail": false,
              "pending": false,
              "context": "\"videos/login.cy.js.mp4\"",
              "code": "const email = Cypress.env('EMAIL_VALID');\n// Input Email\ncy.get('input[placeholder=\"Email\"]').type(email).should('have.value', email);\ncy.wait(1000);\n// Klik login langsung\ncy.get('button[data-cy=\"submit\"]').click();\ncy.wait(3000);\n// Assert kalau tidak bisa dan tetap berada dihalaman login\ncy.get('h1').contains('Login Account').should('be.visible');",
              "err": {},
              "uuid": "7c26b02e-4e18-43e4-aec4-e5b69b924c1d",
              "parentUUID": "3b6a5135-b8b8-4cf8-8ee7-5bdadd5d8af8",
              "isHook": false,
              "skipped": false
            },
            {
              "title": "Users at login page and want to login but only input password field",
              "fullTitle": "New Investors Login Users at login page and want to login but only input password field",
              "timedOut": null,
              "duration": 8341,
              "state": "passed",
              "speed": "medium",
              "pass": true,
              "fail": false,
              "pending": false,
              "context": "\"videos/login.cy.js.mp4\"",
              "code": "const pass = Cypress.env('PASS_VALID');\n// Input Email\ncy.get('input[placeholder=\"password\"]').type(pass).should('have.value', pass);\ncy.wait(1000);\n// Klik login langsung\ncy.get('button[data-cy=\"submit\"]').click();\ncy.wait(3000);\n// Assert kalau tidak bisa dan tetap berada dihalaman login\ncy.get('h1').contains('Login Account').should('be.visible');",
              "err": {},
              "uuid": "41d2e0bb-8f71-469e-ac60-9f2ee4d627f3",
              "parentUUID": "3b6a5135-b8b8-4cf8-8ee7-5bdadd5d8af8",
              "isHook": false,
              "skipped": false
            },
            {
              "title": "Users at login page and want to login but with not valid email format",
              "fullTitle": "New Investors Login Users at login page and want to login but with not valid email format",
              "timedOut": null,
              "duration": 8044,
              "state": "passed",
              "speed": "medium",
              "pass": true,
              "fail": false,
              "pending": false,
              "context": "\"videos/login.cy.js.mp4\"",
              "code": "const email = Cypress.env('EMAIL_NOT_VALID');\nconst pass = Cypress.env('PASS_NOT_VALID');\n// Input Email\ncy.get('input[placeholder=\"Email\"]').type(email).should('have.value', email);\n// Input Pass\ncy.get('input[placeholder=\"password\"]').type(pass).should('have.value', pass);\n// Login\ncy.get('button[data-cy=\"submit\"]').click();\ncy.wait(3000);\ncy.get('div').contains('user not found. please register or try again').should('be.visible'); // Assert kalau pop up error muncul",
              "err": {},
              "uuid": "0432da08-f7a9-4d06-be0e-f8ede23a2783",
              "parentUUID": "3b6a5135-b8b8-4cf8-8ee7-5bdadd5d8af8",
              "isHook": false,
              "skipped": false
            },
            {
              "title": "Users at login page and want to login but with not valid/registered account",
              "fullTitle": "New Investors Login Users at login page and want to login but with not valid/registered account",
              "timedOut": null,
              "duration": 8489,
              "state": "passed",
              "speed": "medium",
              "pass": true,
              "fail": false,
              "pending": false,
              "context": "\"videos/login.cy.js.mp4\"",
              "code": "const email = Cypress.env('EMAIL_NOT_REGISTER');\nconst pass = Cypress.env('PASS_NOT_VALID');\n// Input Email\ncy.get('input[placeholder=\"Email\"]').type(email).should('have.value', email);\n// Input Pass\ncy.get('input[placeholder=\"password\"]').type(pass).should('have.value', pass);\n// Login\ncy.get('button[data-cy=\"submit\"]').click();\ncy.wait(3000);\ncy.get('div').contains('user not found. please register or try again').should('be.visible'); // Assert kalau pop up error muncul",
              "err": {},
              "uuid": "7d9f5ab1-8ade-40b9-ad90-08b0e4ec1cb9",
              "parentUUID": "3b6a5135-b8b8-4cf8-8ee7-5bdadd5d8af8",
              "isHook": false,
              "skipped": false
            },
            {
              "title": "Users at login page and want to login and login with correct account",
              "fullTitle": "New Investors Login Users at login page and want to login and login with correct account",
              "timedOut": null,
              "duration": 8313,
              "state": "passed",
              "speed": "medium",
              "pass": true,
              "fail": false,
              "pending": false,
              "context": "\"videos/login.cy.js.mp4\"",
              "code": "const email = Cypress.env('EMAIL_VALID');\nconst pass = Cypress.env('PASS_VALID');\n// Input Email\ncy.get('input[placeholder=\"Email\"]').type(email).should('have.value', email);\n// Input Pass\ncy.get('input[placeholder=\"password\"]').type(pass).should('have.value', pass);\n// Login\ncy.get('button[data-cy=\"submit\"]').click();\ncy.wait(3000);\ncy.url().should('include', '/dashboard'); // Asert url harus ada path dashboard\ncy.get('h1').contains('My Account').should('be.visible'); // Assert kalau My Account terlihat di dashboard",
              "err": {},
              "uuid": "d6101357-0fd4-400d-8b3c-924d3793921c",
              "parentUUID": "3b6a5135-b8b8-4cf8-8ee7-5bdadd5d8af8",
              "isHook": false,
              "skipped": false
            }
          ],
          "suites": [],
          "passes": [
            "dbeeee40-66bd-47f4-8df0-392c128424d3",
            "7c26b02e-4e18-43e4-aec4-e5b69b924c1d",
            "41d2e0bb-8f71-469e-ac60-9f2ee4d627f3",
            "0432da08-f7a9-4d06-be0e-f8ede23a2783",
            "7d9f5ab1-8ade-40b9-ad90-08b0e4ec1cb9",
            "d6101357-0fd4-400d-8b3c-924d3793921c"
          ],
          "failures": [],
          "pending": [],
          "skipped": [],
          "duration": 61583,
          "root": false,
          "rootEmpty": false,
          "_timeout": 2000
        }
      ],
      "passes": [],
      "failures": [],
      "pending": [],
      "skipped": [],
      "duration": 0,
      "root": true,
      "rootEmpty": true,
      "_timeout": 2000
    }
  ],
  "meta": {
    "mocha": {
      "version": "7.0.1"
    },
    "mochawesome": {
      "options": {
        "quiet": false,
        "reportFilename": "mochawesome",
        "saveHtml": false,
        "saveJson": true,
        "consoleReporter": "spec",
        "useInlineDiffs": false,
        "code": true
      },
      "version": "7.1.3"
    },
    "marge": {
      "options": {
        "id": "default",
        "reportDir": "cypress/results/json",
        "overwrite": false,
        "html": false,
        "json": true,
        "timestamp": "longDate",
        "charts": true
      },
      "version": "6.2.0"
    }
  }
}